<?xml version="1.0" encoding="UTF-8"?>
<testsuite xmlns:xsi="http://www.w3.org/2001/XMLSchema-instance" xsi:noNamespaceSchemaLocation="https://maven.apache.org/surefire/maven-surefire-plugin/xsd/surefire-test-report.xsd" name="com.github.jmgorton.wordsearch.AppTest" time="0.12" tests="14" errors="0" skipped="0" failures="0">
  <properties>
[...]
</properties>
  <testcase name="nullFilePathCheckFilePath" classname="com.github.jmgorton.wordsearch.AppTest" time="0.003"/>
  <testcase name="invalidFileCheckInput" classname="com.github.jmgorton.wordsearch.AppTest" time="0"/>
  <testcase name="validInputFileCheckFilePath" classname="com.github.jmgorton.wordsearch.AppTest" time="0.022"/>
  <testcase name="validInputFilePathCheckFile" classname="com.github.jmgorton.wordsearch.AppTest" time="0.001"/>
  <testcase name="nullFilePathCheckInput" classname="com.github.jmgorton.wordsearch.AppTest" time="0"/>
  <testcase name="validInputFileCheckFile" classname="com.github.jmgorton.wordsearch.AppTest" time="0.001"/>
  <testcase name="invalidFileCheckFile" classname="com.github.jmgorton.wordsearch.AppTest" time="0"/>
  <testcase name="invalidFilePathCheckInput" classname="com.github.jmgorton.wordsearch.AppTest" time="0"/>
  <testcase name="invalidFileCheckFilePath" classname="com.github.jmgorton.wordsearch.AppTest" time="0.001"/>
  <testcase name="invalidFilePathCheckFilePath" classname="com.github.jmgorton.wordsearch.AppTest" time="0"/>
  <testcase name="invalidFilePathCheckFile" classname="com.github.jmgorton.wordsearch.AppTest" time="0"/>
  <testcase name="nullFilePathCheckFile" classname="com.github.jmgorton.wordsearch.AppTest" time="0"/>
  <testcase name="validInputFilePathCheckInput" classname="com.github.jmgorton.wordsearch.AppTest" time="0.001"/>
  <testcase name="validInputFilePathCheckFilePath" classname="com.github.jmgorton.wordsearch.AppTest" time="0"/>
</testsuite>